User started bot. Message: /start
Help requested. Message: /help
Help requested. Message: /help
User started bot. Message: /start
Wallet set requested. Message: /set_wallet
Wallet set requested. Message: /set_wallet 0x4838B106FCe9647Bdf1E7877BF73cE8B0BAD5f97
Wallet address set to: 0x4838B106FCe9647Bdf1E7877BF73cE8B0BAD5f97
Transactions check requested. Message: /check_transactions
Balance check requested. Message: /balance
Balance check requested. Message: /balance 0x4838B106FCe9647Bdf1E7877BF73cE8B0BAD5f97
Help requested. Message: /help
Wallet set requested. Message: /set_wallet
Wallet address set to: 0x8c0bD7f898DF7e84B2eB7D94BDd80d978a31184b
User started bot. Message: /start
Help requested. Message: /help
Wallet set requested. Message: /set_wallet
Wallet address set to: 0x8c0bD7f898DF7e84B2eB7D94BDd80d978a31184b
Balance check requested. Message: /balance
Help requested. Message: /help
Wallet set requested. Message: /set_wallet
Wallet address set to: 0x8c0bD7f898DF7e84B2eB7D94BDd80d978a31184b
Balance check requested. Message: /balance
Balance check requested. Message: /balance
Help requested. Message: /help
Wallet set requested. Message: /set_wallet
Wallet address set to: 0x8c0bD7f898DF7e84B2eB7D94BDd80d978a31184b
Balance check requested. Message: /balance
Balance fetched: 0.01842170326546584 ETH.
Transactions check requested. Message: /check_transactions
Transactions fetched successfully.
Balance check requested. Message: /balance
Balance fetched: 0.01842170326546584 ETH.
Help requested. Message: /help
Help requested. Message: /help
Wallet set requested. Message: /set_wallet
Balance check requested. Message: /balance
Wallet set requested. Message: /set_wallet
Wallet address set to: 0x8c0bD7f898DF7e84B2eB7D94BDd80d978a31184b
Balance check requested. Message: /balance
Balance fetched: 0.01842170326546584 ETH.
Transactions check requested. Message: /check_transactions
Transactions fetched successfully.
Help requested. Message: /help
Help requested. Message: /help
Wallet set requested. Message: /set_wallet
Wallet address set to: 0x8c0bD7f898DF7e84B2eB7D94BDd80d978a31184b
Balance check requested. Message: /balance
Balance fetched: 0.01842170326546584 ETH.
Transactions check requested. Message: /check_transactions
Transactions fetched successfully.
Help requested. Message: /help
Wallet set requested. Message: /set_wallet
Wallet address set to: 0x8c0bD7f898DF7e84B2eB7D94BDd80d978a31184b
Balance check requested. Message: /balance
Balance fetched: 0.01842170326546584 ETH.
Transactions check requested. Message: /check_transactions
Transactions fetched successfully.
Help requested. Message: /help
Help requested. Message: /help
Wallet set requested. Message: /set_wallet
Wallet set requested. Message: /set_wallet
Wallet set requested. Message: /set_wallet
Help requested. Message: /help
User started bot. Message: /start
Wallet set requested. Message: /set_wallet
Wallet address set to: 0x8c0bD7f898DF7e84B2eB7D94BDd80d978a31184b
Balance check requested. Message: /balance
Balance fetched: 0.04070251779189194 ETH.
Transactions check requested. Message: /check_transactions
Transactions fetched successfully.
Help requested. Message: /help
